{
  "RSpec": {
    "coverage": {
      "/Users/matthiashaefeli/Documents/Documents - Matthias’s MacBook Pro/Devbootcamp/interview_challenges/travel/config/environment.rb": {
        "lines": [
          null,
          1,
          null,
          null,
          1
        ]
      },
      "/Users/matthiashaefeli/Documents/Documents - Matthias’s MacBook Pro/Devbootcamp/interview_challenges/travel/config/application.rb": {
        "lines": [
          1,
          null,
          1,
          null,
          1,
          1,
          1,
          1,
          1,
          1,
          1,
          1,
          1,
          1,
          1,
          null,
          null,
          null,
          null,
          1,
          null,
          1,
          1,
          null,
          1,
          null,
          null,
          null,
          null,
          null,
          null,
          null,
          1,
          null,
          null
        ]
      },
      "/Users/matthiashaefeli/Documents/Documents - Matthias’s MacBook Pro/Devbootcamp/interview_challenges/travel/config/boot.rb": {
        "lines": [
          1,
          null,
          1,
          1
        ]
      },
      "/Users/matthiashaefeli/Documents/Documents - Matthias’s MacBook Pro/Devbootcamp/interview_challenges/travel/config/environments/test.rb": {
        "lines": [
          null,
          null,
          null,
          null,
          null,
          1,
          null,
          null,
          1,
          1,
          null,
          null,
          null,
          null,
          1,
          null,
          null,
          1,
          1,
          null,
          null,
          null,
          null,
          1,
          1,
          1,
          null,
          null,
          1,
          null,
          null,
          1,
          null,
          null,
          1,
          null,
          1,
          null,
          null,
          null,
          null,
          1,
          null,
          null,
          1,
          null,
          null,
          null,
          null
        ]
      },
      "/Users/matthiashaefeli/Documents/Documents - Matthias’s MacBook Pro/Devbootcamp/interview_challenges/travel/config/initializers/application_controller_renderer.rb": {
        "lines": [
          null,
          null,
          null,
          null,
          null,
          null,
          null,
          null
        ]
      },
      "/Users/matthiashaefeli/Documents/Documents - Matthias’s MacBook Pro/Devbootcamp/interview_challenges/travel/config/initializers/assets.rb": {
        "lines": [
          null,
          null,
          null,
          1,
          null,
          null,
          null,
          null,
          1,
          null,
          null,
          null,
          null,
          null
        ]
      },
      "/Users/matthiashaefeli/Documents/Documents - Matthias’s MacBook Pro/Devbootcamp/interview_challenges/travel/config/initializers/backtrace_silencers.rb": {
        "lines": [
          null,
          null,
          null,
          null,
          null,
          null,
          null
        ]
      },
      "/Users/matthiashaefeli/Documents/Documents - Matthias’s MacBook Pro/Devbootcamp/interview_challenges/travel/config/initializers/content_security_policy.rb": {
        "lines": [
          null,
          null,
          null,
          null,
          null,
          null,
          null,
          null,
          null,
          null,
          null,
          null,
          null,
          null,
          null,
          null,
          null,
          null,
          null,
          null,
          null,
          null,
          null,
          null,
          null,
          null,
          null,
          null,
          null,
          null
        ]
      },
      "/Users/matthiashaefeli/Documents/Documents - Matthias’s MacBook Pro/Devbootcamp/interview_challenges/travel/config/initializers/cookies_serializer.rb": {
        "lines": [
          null,
          null,
          null,
          null,
          1
        ]
      },
      "/Users/matthiashaefeli/Documents/Documents - Matthias’s MacBook Pro/Devbootcamp/interview_challenges/travel/config/initializers/devise.rb": {
        "lines": [
          null,
          null,
          null,
          null,
          null,
          null,
          null,
          null,
          null,
          null,
          1,
          null,
          null,
          null,
          null,
          null,
          null,
          null,
          null,
          null,
          null,
          null,
          null,
          null,
          null,
          null,
          1,
          null,
          null,
          null,
          null,
          null,
          null,
          null,
          null,
          null,
          null,
          null,
          1,
          null,
          null,
          null,
          null,
          null,
          null,
          null,
          null,
          null,
          null,
          null,
          null,
          null,
          null,
          null,
          null,
          null,
          null,
          null,
          null,
          null,
          1,
          null,
          null,
          null,
          null,
          1,
          null,
          null,
          null,
          null,
          null,
          null,
          null,
          null,
          null,
          null,
          null,
          null,
          null,
          null,
          null,
          null,
          null,
          null,
          null,
          null,
          null,
          null,
          null,
          null,
          null,
          null,
          null,
          null,
          null,
          null,
          null,
          null,
          null,
          1,
          null,
          null,
          null,
          null,
          null,
          null,
          null,
          null,
          null,
          null,
          null,
          null,
          null,
          null,
          null,
          null,
          null,
          null,
          null,
          null,
          null,
          null,
          null,
          null,
          null,
          1,
          null,
          null,
          null,
          null,
          null,
          null,
          null,
          null,
          null,
          null,
          null,
          null,
          null,
          null,
          null,
          null,
          null,
          null,
          null,
          null,
          null,
          null,
          null,
          null,
          null,
          null,
          null,
          null,
          null,
          null,
          null,
          null,
          null,
          1,
          null,
          null,
          null,
          null,
          null,
          null,
          null,
          null,
          null,
          1,
          null,
          null,
          null,
          null,
          null,
          null,
          null,
          null,
          null,
          null,
          1,
          null,
          null,
          null,
          null,
          1,
          null,
          null,
          null,
          null,
          null,
          null,
          null,
          null,
          null,
          null,
          null,
          null,
          null,
          null,
          null,
          null,
          null,
          null,
          null,
          null,
          null,
          null,
          null,
          null,
          null,
          null,
          null,
          null,
          null,
          null,
          null,
          null,
          null,
          null,
          null,
          null,
          null,
          null,
          null,
          null,
          1,
          null,
          null,
          null,
          null,
          null,
          null,
          null,
          null,
          null,
          null,
          null,
          null,
          null,
          null,
          null,
          null,
          null,
          null,
          null,
          null,
          null,
          null,
          null,
          null,
          null,
          null,
          null,
          null,
          null,
          null,
          null,
          null,
          null,
          null,
          null,
          null,
          null,
          null,
          null,
          null,
          null,
          1,
          null,
          null,
          null,
          null,
          null,
          null,
          null,
          null,
          null,
          null,
          null,
          null,
          null,
          null,
          null,
          null,
          null,
          null,
          null,
          null,
          null,
          null,
          null,
          null,
          null,
          null,
          null,
          null,
          null,
          null,
          null,
          null,
          null,
          null,
          null,
          null,
          null,
          null,
          null,
          null,
          null,
          null
        ]
      },
      "/Users/matthiashaefeli/Documents/Documents - Matthias’s MacBook Pro/Devbootcamp/interview_challenges/travel/config/initializers/filter_parameter_logging.rb": {
        "lines": [
          null,
          null,
          null,
          1
        ]
      },
      "/Users/matthiashaefeli/Documents/Documents - Matthias’s MacBook Pro/Devbootcamp/interview_challenges/travel/config/initializers/inflections.rb": {
        "lines": [
          null,
          null,
          null,
          null,
          null,
          null,
          null,
          null,
          null,
          null,
          null,
          null,
          null,
          null,
          null,
          null
        ]
      },
      "/Users/matthiashaefeli/Documents/Documents - Matthias’s MacBook Pro/Devbootcamp/interview_challenges/travel/config/initializers/mime_types.rb": {
        "lines": [
          null,
          null,
          null,
          null
        ]
      },
      "/Users/matthiashaefeli/Documents/Documents - Matthias’s MacBook Pro/Devbootcamp/interview_challenges/travel/config/initializers/wrap_parameters.rb": {
        "lines": [
          null,
          null,
          null,
          null,
          null,
          null,
          1,
          2,
          null,
          null,
          null,
          null,
          null,
          null
        ]
      },
      "/Users/matthiashaefeli/Documents/Documents - Matthias’s MacBook Pro/Devbootcamp/interview_challenges/travel/spec/factories/travel_times.rb": {
        "lines": [
          1,
          1,
          1,
          4,
          4,
          4,
          4,
          null,
          null
        ]
      },
      "/Users/matthiashaefeli/Documents/Documents - Matthias’s MacBook Pro/Devbootcamp/interview_challenges/travel/spec/factories/users.rb": {
        "lines": [
          1,
          1,
          12,
          12,
          null,
          null
        ]
      },
      "/Users/matthiashaefeli/Documents/Documents - Matthias’s MacBook Pro/Devbootcamp/interview_challenges/travel/config/routes.rb": {
        "lines": [
          1,
          1,
          1,
          1,
          null
        ]
      },
      "/Users/matthiashaefeli/Documents/Documents - Matthias’s MacBook Pro/Devbootcamp/interview_challenges/travel/app/models/user.rb": {
        "lines": [
          1,
          null,
          null,
          1,
          null,
          1,
          null
        ]
      },
      "/Users/matthiashaefeli/Documents/Documents - Matthias’s MacBook Pro/Devbootcamp/interview_challenges/travel/app/models/application_record.rb": {
        "lines": [
          1,
          1,
          null
        ]
      },
      "/Users/matthiashaefeli/Documents/Documents - Matthias’s MacBook Pro/Devbootcamp/interview_challenges/travel/app/helpers/application_helper.rb": {
        "lines": [
          1,
          null
        ]
      },
      "/Users/matthiashaefeli/Documents/Documents - Matthias’s MacBook Pro/Devbootcamp/interview_challenges/travel/app/helpers/home_helper.rb": {
        "lines": [
          1,
          null
        ]
      },
      "/Users/matthiashaefeli/Documents/Documents - Matthias’s MacBook Pro/Devbootcamp/interview_challenges/travel/app/helpers/travel_times_helper.rb": {
        "lines": [
          1,
          null
        ]
      },
      "/Users/matthiashaefeli/Documents/Documents - Matthias’s MacBook Pro/Devbootcamp/interview_challenges/travel/app/controllers/travel_times_controller.rb": {
        "lines": [
          1,
          1,
          null,
          1,
          7,
          null,
          null,
          1,
          5,
          null,
          null,
          1,
          null,
          null,
          3,
          3,
          null,
          null,
          null,
          null,
          null,
          3,
          2,
          2,
          null,
          null,
          3,
          3,
          3,
          null,
          3,
          1,
          null,
          null,
          2,
          null,
          null,
          null,
          null,
          null,
          2,
          2,
          null,
          null,
          null,
          1,
          1,
          1,
          null,
          null,
          1,
          null,
          null,
          1,
          117,
          14,
          103,
          64,
          167,
          64,
          null,
          null,
          null,
          1,
          20,
          4,
          4,
          null,
          null,
          null
        ]
      },
      "/Users/matthiashaefeli/Documents/Documents - Matthias’s MacBook Pro/Devbootcamp/interview_challenges/travel/app/controllers/application_controller.rb": {
        "lines": [
          1,
          null,
          1,
          1,
          null,
          null
        ]
      },
      "/Users/matthiashaefeli/Documents/Documents - Matthias’s MacBook Pro/Devbootcamp/interview_challenges/travel/spec/requests/travel_times_request_spec.rb": {
        "lines": [
          1,
          null,
          1,
          null,
          null
        ]
      },
      "/Users/matthiashaefeli/Documents/Documents - Matthias’s MacBook Pro/Devbootcamp/interview_challenges/travel/spec/system/create_travel_time_spec.rb": {
        "lines": [
          1,
          null,
          1,
          1,
          1,
          1,
          1,
          1,
          1,
          null,
          null,
          1,
          1,
          1,
          1,
          1,
          1,
          1,
          1,
          null,
          null
        ]
      },
      "/Users/matthiashaefeli/Documents/Documents - Matthias’s MacBook Pro/Devbootcamp/interview_challenges/travel/spec/system/delete_travel_time_spec.rb": {
        "lines": [
          1,
          null,
          1,
          1,
          1,
          1,
          1,
          1,
          1,
          1,
          null,
          null,
          null
        ]
      },
      "/Users/matthiashaefeli/Documents/Documents - Matthias’s MacBook Pro/Devbootcamp/interview_challenges/travel/spec/system/sign_in_spec.rb": {
        "lines": [
          1,
          null,
          1,
          1,
          1,
          1,
          null,
          1,
          1,
          1,
          1,
          1,
          null,
          null,
          null,
          1,
          1,
          1,
          1,
          1,
          1,
          1,
          null,
          null,
          null
        ]
      },
      "/Users/matthiashaefeli/Documents/Documents - Matthias’s MacBook Pro/Devbootcamp/interview_challenges/travel/spec/system/travel_time_index_spec.rb": {
        "lines": [
          1,
          null,
          1,
          1,
          1,
          1,
          1,
          null,
          null,
          1,
          1,
          1,
          1,
          1,
          null,
          null,
          1,
          1,
          1,
          1,
          1,
          null,
          null,
          null
        ]
      },
      "/Users/matthiashaefeli/Documents/Documents - Matthias’s MacBook Pro/Devbootcamp/interview_challenges/travel/app/models/travel_time.rb": {
        "lines": [
          1,
          1,
          null
        ]
      }
    },
    "timestamp": 1594413077
  }
}
